0 info it worked if it ends with ok
1 verbose cli [ 'C:\\Program Files\\nodejs\\\\node.exe',
1 verbose cli   'C:\\Program Files\\nodejs\\node_modules\\npm\\bin\\npm-cli.js',
1 verbose cli   'install',
1 verbose cli   'hiredis',
1 verbose cli   'redis' ]
2 info using npm@1.3.21
3 info using node@v0.10.24
4 verbose node symlink C:\Program Files\nodejs\\node.exe
5 warn package.json test-box-4000@0.0.0 No README data
6 verbose readDependencies using package.json deps
7 verbose cache add [ 'hiredis', null ]
8 verbose cache add name=undefined spec="hiredis" args=["hiredis",null]
9 verbose parsed url { protocol: null,
9 verbose parsed url   slashes: null,
9 verbose parsed url   auth: null,
9 verbose parsed url   host: null,
9 verbose parsed url   port: null,
9 verbose parsed url   hostname: null,
9 verbose parsed url   hash: null,
9 verbose parsed url   search: null,
9 verbose parsed url   query: null,
9 verbose parsed url   pathname: 'hiredis',
9 verbose parsed url   path: 'hiredis',
9 verbose parsed url   href: 'hiredis' }
10 verbose cache add [ 'redis', null ]
11 verbose cache add name=undefined spec="redis" args=["redis",null]
12 verbose parsed url { protocol: null,
12 verbose parsed url   slashes: null,
12 verbose parsed url   auth: null,
12 verbose parsed url   host: null,
12 verbose parsed url   port: null,
12 verbose parsed url   hostname: null,
12 verbose parsed url   hash: null,
12 verbose parsed url   search: null,
12 verbose parsed url   query: null,
12 verbose parsed url   pathname: 'redis',
12 verbose parsed url   path: 'redis',
12 verbose parsed url   href: 'redis' }
13 silly lockFile 66e3de35-hiredis hiredis
14 verbose lock hiredis C:\Users\tkhaliq\AppData\Roaming\npm-cache\66e3de35-hiredis.lock
15 silly lockFile b840fc02-redis redis
16 verbose lock redis C:\Users\tkhaliq\AppData\Roaming\npm-cache\b840fc02-redis.lock
17 silly lockFile 66e3de35-hiredis hiredis
18 silly lockFile 66e3de35-hiredis hiredis
19 silly lockFile b840fc02-redis redis
20 silly lockFile b840fc02-redis redis
21 verbose addNamed [ 'hiredis', '' ]
22 verbose addNamed [ null, '*' ]
23 silly lockFile dc014615-hiredis hiredis@
24 verbose lock hiredis@ C:\Users\tkhaliq\AppData\Roaming\npm-cache\dc014615-hiredis.lock
25 verbose addNamed [ 'redis', '' ]
26 verbose addNamed [ null, '*' ]
27 silly lockFile fb3bbc27-redis redis@
28 verbose lock redis@ C:\Users\tkhaliq\AppData\Roaming\npm-cache\fb3bbc27-redis.lock
29 silly addNameRange { name: 'hiredis', range: '*', hasData: false }
30 silly addNameRange { name: 'redis', range: '*', hasData: false }
31 verbose url raw hiredis
32 verbose url resolving [ 'https://registry.npmjs.org/', './hiredis' ]
33 verbose url resolved https://registry.npmjs.org/hiredis
34 info trying registry request attempt 1 at 18:56:12
35 http GET https://registry.npmjs.org/hiredis
36 verbose url raw redis
37 verbose url resolving [ 'https://registry.npmjs.org/', './redis' ]
38 verbose url resolved https://registry.npmjs.org/redis
39 info trying registry request attempt 1 at 18:56:12
40 verbose etag "BI3N3E50GNMSR81CR8QLJN8E6"
41 http GET https://registry.npmjs.org/redis
42 http 304 https://registry.npmjs.org/redis
43 silly registry.get cb [ 304,
43 silly registry.get   { date: 'Sat, 01 Feb 2014 23:56:12 GMT',
43 silly registry.get     server: 'Apache',
43 silly registry.get     connection: 'Keep-Alive',
43 silly registry.get     'keep-alive': 'timeout=10, max=50',
43 silly registry.get     etag: '"BI3N3E50GNMSR81CR8QLJN8E6"',
43 silly registry.get     'cache-control': 'max-age=1',
43 silly registry.get     vary: 'Accept' } ]
44 verbose etag redis from cache
45 silly addNameRange number 2 { name: 'redis', range: '*', hasData: true }
46 silly addNameRange versions [ 'redis',
46 silly addNameRange   [ '0.0.1',
46 silly addNameRange     '0.0.2',
46 silly addNameRange     '0.0.3',
46 silly addNameRange     '0.0.4',
46 silly addNameRange     '0.0.7',
46 silly addNameRange     '0.0.8',
46 silly addNameRange     '0.1.0',
46 silly addNameRange     '0.1.1',
46 silly addNameRange     '0.1.2',
46 silly addNameRange     '0.2.0',
46 silly addNameRange     '0.2.1',
46 silly addNameRange     '0.2.2',
46 silly addNameRange     '0.2.3',
46 silly addNameRange     '0.2.4',
46 silly addNameRange     '0.2.6',
46 silly addNameRange     '0.3.0',
46 silly addNameRange     '0.3.1',
46 silly addNameRange     '0.3.2',
46 silly addNameRange     '0.3.3',
46 silly addNameRange     '0.3.4',
46 silly addNameRange     '0.3.5',
46 silly addNameRange     '0.3.6',
46 silly addNameRange     '0.3.7',
46 silly addNameRange     '0.3.9',
46 silly addNameRange     '0.4.0',
46 silly addNameRange     '0.4.1',
46 silly addNameRange     '0.4.2',
46 silly addNameRange     '0.5.0',
46 silly addNameRange     '0.5.1',
46 silly addNameRange     '0.5.2',
46 silly addNameRange     '0.5.3',
46 silly addNameRange     '0.5.4',
46 silly addNameRange     '0.5.5',
46 silly addNameRange     '0.5.6',
46 silly addNameRange     '0.5.7',
46 silly addNameRange     '0.5.8',
46 silly addNameRange     '0.5.9',
46 silly addNameRange     '0.5.10',
46 silly addNameRange     '0.5.11',
46 silly addNameRange     '0.6.0',
46 silly addNameRange     '0.6.1',
46 silly addNameRange     '0.6.2',
46 silly addNameRange     '0.6.3',
46 silly addNameRange     '0.6.4',
46 silly addNameRange     '0.6.5',
46 silly addNameRange     '0.6.6',
46 silly addNameRange     '0.6.7',
46 silly addNameRange     '0.7.0',
46 silly addNameRange     '0.7.1',
46 silly addNameRange     '0.7.2',
46 silly addNameRange     '0.7.3',
46 silly addNameRange     '0.8.0',
46 silly addNameRange     '0.8.1',
46 silly addNameRange     '0.8.2',
46 silly addNameRange     '0.8.3',
46 silly addNameRange     '0.8.4',
46 silly addNameRange     '0.8.5',
46 silly addNameRange     '0.8.6',
46 silly addNameRange     '0.9.0',
46 silly addNameRange     '0.9.1',
46 silly addNameRange     '0.9.2',
46 silly addNameRange     '0.10.0' ] ]
47 verbose addNamed [ 'redis', '0.10.0' ]
48 verbose addNamed [ '0.10.0', '0.10.0' ]
49 silly lockFile 4152b31f-redis-0-10-0 redis@0.10.0
50 verbose lock redis@0.10.0 C:\Users\tkhaliq\AppData\Roaming\npm-cache\4152b31f-redis-0-10-0.lock
51 silly lockFile 4152b31f-redis-0-10-0 redis@0.10.0
52 silly lockFile 4152b31f-redis-0-10-0 redis@0.10.0
53 silly lockFile fb3bbc27-redis redis@
54 silly lockFile fb3bbc27-redis redis@
55 http 200 https://registry.npmjs.org/hiredis
56 silly registry.get cb [ 200,
56 silly registry.get   { date: 'Sat, 01 Feb 2014 23:56:12 GMT',
56 silly registry.get     server: 'CouchDB/1.5.0 (Erlang OTP/R16B)',
56 silly registry.get     etag: '"9NVQ2LI4N6GCW90QL44XFNVBH"',
56 silly registry.get     'content-type': 'application/json',
56 silly registry.get     'cache-control': 'max-age=1',
56 silly registry.get     'content-length': '15671',
56 silly registry.get     'accept-ranges': 'bytes',
56 silly registry.get     via: '1.1 varnish',
56 silly registry.get     age: '5544',
56 silly registry.get     'x-served-by': 'cache-v37-ASH',
56 silly registry.get     'x-cache': 'MISS',
56 silly registry.get     'x-cache-hits': '0',
56 silly registry.get     'x-timer': 'S1391298972.446715593,VS0,VE73',
56 silly registry.get     vary: 'Accept',
56 silly registry.get     'keep-alive': 'timeout=10, max=50',
56 silly registry.get     connection: 'Keep-Alive' } ]
57 silly addNameRange number 2 { name: 'hiredis', range: '*', hasData: true }
58 silly addNameRange versions [ 'hiredis',
58 silly addNameRange   [ '0.1.0',
58 silly addNameRange     '0.1.1',
58 silly addNameRange     '0.1.2',
58 silly addNameRange     '0.1.3',
58 silly addNameRange     '0.1.4',
58 silly addNameRange     '0.1.5',
58 silly addNameRange     '0.1.6',
58 silly addNameRange     '0.1.8',
58 silly addNameRange     '0.1.9',
58 silly addNameRange     '0.1.10',
58 silly addNameRange     '0.1.12',
58 silly addNameRange     '0.1.13',
58 silly addNameRange     '0.1.14',
58 silly addNameRange     '0.1.15',
58 silly addNameRange     '0.1.16' ] ]
59 verbose addNamed [ 'hiredis', '0.1.16' ]
60 verbose addNamed [ '0.1.16', '0.1.16' ]
61 silly lockFile beed5615-hiredis-0-1-16 hiredis@0.1.16
62 verbose lock hiredis@0.1.16 C:\Users\tkhaliq\AppData\Roaming\npm-cache\beed5615-hiredis-0-1-16.lock
63 silly lockFile 4200863f-s-org-hiredis-hiredis-0-1-16-tgz https://registry.npmjs.org/hiredis/-/hiredis-0.1.16.tgz
64 verbose lock https://registry.npmjs.org/hiredis/-/hiredis-0.1.16.tgz C:\Users\tkhaliq\AppData\Roaming\npm-cache\4200863f-s-org-hiredis-hiredis-0-1-16-tgz.lock
65 verbose addRemoteTarball [ 'https://registry.npmjs.org/hiredis/-/hiredis-0.1.16.tgz',
65 verbose addRemoteTarball   'f6cee1add2589b8b71cef3c4d3936a9fcd638640' ]
66 info retry fetch attempt 1 at 18:56:13
67 verbose fetch to= C:\Users\tkhaliq\AppData\Local\Temp\npm-7800-_FkX-VqK\1391298973289-0.9284771627280861\tmp.tgz
68 http GET https://registry.npmjs.org/hiredis/-/hiredis-0.1.16.tgz
69 http 200 https://registry.npmjs.org/hiredis/-/hiredis-0.1.16.tgz
70 verbose tar unpack C:\Users\tkhaliq\AppData\Local\Temp\npm-7800-_FkX-VqK\1391298973289-0.9284771627280861\tmp.tgz
71 silly lockFile 9b9d1090-73289-0-9284771627280861-package tar://C:\Users\tkhaliq\AppData\Local\Temp\npm-7800-_FkX-VqK\1391298973289-0.9284771627280861\package
72 verbose lock tar://C:\Users\tkhaliq\AppData\Local\Temp\npm-7800-_FkX-VqK\1391298973289-0.9284771627280861\package C:\Users\tkhaliq\AppData\Roaming\npm-cache\9b9d1090-73289-0-9284771627280861-package.lock
73 silly lockFile d63bfd1d-73289-0-9284771627280861-tmp-tgz tar://C:\Users\tkhaliq\AppData\Local\Temp\npm-7800-_FkX-VqK\1391298973289-0.9284771627280861\tmp.tgz
74 verbose lock tar://C:\Users\tkhaliq\AppData\Local\Temp\npm-7800-_FkX-VqK\1391298973289-0.9284771627280861\tmp.tgz C:\Users\tkhaliq\AppData\Roaming\npm-cache\d63bfd1d-73289-0-9284771627280861-tmp-tgz.lock
75 silly gunzTarPerm modes [ '755', '644' ]
76 silly gunzTarPerm extractEntry package.json
77 silly gunzTarPerm extractEntry README.md
78 silly gunzTarPerm extractEntry hiredis.js
79 silly gunzTarPerm extractEntry bench.js
80 silly gunzTarPerm extractEntry deps/hiredis/README.md
81 silly gunzTarPerm extractEntry deps/hiredis/example.c
82 silly gunzTarPerm extractEntry deps/hiredis/async.c
83 silly gunzTarPerm extractEntry deps/hiredis/fmacros.h
84 silly gunzTarPerm extractEntry deps/hiredis/hiredis.c
85 silly gunzTarPerm extractEntry deps/hiredis/sds.h
86 silly gunzTarPerm extractEntry deps/hiredis/test.c
87 silly gunzTarPerm extractEntry deps/hiredis/CHANGELOG.md
88 silly gunzTarPerm extractEntry deps/hiredis/dict.c
89 silly gunzTarPerm extractEntry deps/hiredis/example-libev.c
90 silly gunzTarPerm extractEntry deps/hiredis/example-ae.c
91 silly gunzTarPerm extractEntry deps/hiredis/net.c
92 silly gunzTarPerm extractEntry deps/hiredis/dict.h
93 silly gunzTarPerm extractEntry deps/hiredis/Makefile
94 silly gunzTarPerm extractEntry deps/hiredis/async.h
95 silly gunzTarPerm extractEntry deps/hiredis/COPYING
96 silly gunzTarPerm extractEntry deps/hiredis/adapters/ae.h
97 silly gunzTarPerm extractEntry deps/hiredis/adapters/libevent.h
98 silly gunzTarPerm extractEntry deps/hiredis/adapters/libev.h
99 silly gunzTarPerm extractEntry deps/hiredis/net.h
100 silly gunzTarPerm extractEntry deps/hiredis/hiredis.h
101 silly gunzTarPerm extractEntry deps/hiredis/example-libevent.c
102 silly gunzTarPerm extractEntry deps/hiredis/sds.c
103 silly gunzTarPerm extractEntry deps/hiredis.gyp
104 silly gunzTarPerm extractEntry test/reader.js
105 silly gunzTarPerm extractEntry COPYING
106 silly gunzTarPerm extractEntry binding.gyp
107 silly gunzTarPerm extractEntry src/reader.cc
108 silly gunzTarPerm extractEntry src/hiredis.cc
109 silly gunzTarPerm extractEntry src/reader.h
110 silly lockFile 9b9d1090-73289-0-9284771627280861-package tar://C:\Users\tkhaliq\AppData\Local\Temp\npm-7800-_FkX-VqK\1391298973289-0.9284771627280861\package
111 silly lockFile 9b9d1090-73289-0-9284771627280861-package tar://C:\Users\tkhaliq\AppData\Local\Temp\npm-7800-_FkX-VqK\1391298973289-0.9284771627280861\package
112 silly lockFile d63bfd1d-73289-0-9284771627280861-tmp-tgz tar://C:\Users\tkhaliq\AppData\Local\Temp\npm-7800-_FkX-VqK\1391298973289-0.9284771627280861\tmp.tgz
113 silly lockFile d63bfd1d-73289-0-9284771627280861-tmp-tgz tar://C:\Users\tkhaliq\AppData\Local\Temp\npm-7800-_FkX-VqK\1391298973289-0.9284771627280861\tmp.tgz
114 verbose tar pack [ 'C:\\Users\\tkhaliq\\AppData\\Roaming\\npm-cache\\hiredis\\0.1.16\\package.tgz',
114 verbose tar pack   'C:\\Users\\tkhaliq\\AppData\\Local\\Temp\\npm-7800-_FkX-VqK\\1391298973289-0.9284771627280861\\package' ]
115 verbose tarball C:\Users\tkhaliq\AppData\Roaming\npm-cache\hiredis\0.1.16\package.tgz
116 verbose folder C:\Users\tkhaliq\AppData\Local\Temp\npm-7800-_FkX-VqK\1391298973289-0.9284771627280861\package
117 silly lockFile 9b9d1090-73289-0-9284771627280861-package tar://C:\Users\tkhaliq\AppData\Local\Temp\npm-7800-_FkX-VqK\1391298973289-0.9284771627280861\package
118 verbose lock tar://C:\Users\tkhaliq\AppData\Local\Temp\npm-7800-_FkX-VqK\1391298973289-0.9284771627280861\package C:\Users\tkhaliq\AppData\Roaming\npm-cache\9b9d1090-73289-0-9284771627280861-package.lock
119 silly lockFile 391d3bde-cache-hiredis-0-1-16-package-tgz tar://C:\Users\tkhaliq\AppData\Roaming\npm-cache\hiredis\0.1.16\package.tgz
120 verbose lock tar://C:\Users\tkhaliq\AppData\Roaming\npm-cache\hiredis\0.1.16\package.tgz C:\Users\tkhaliq\AppData\Roaming\npm-cache\391d3bde-cache-hiredis-0-1-16-package-tgz.lock
121 silly lockFile 9b9d1090-73289-0-9284771627280861-package tar://C:\Users\tkhaliq\AppData\Local\Temp\npm-7800-_FkX-VqK\1391298973289-0.9284771627280861\package
122 silly lockFile 9b9d1090-73289-0-9284771627280861-package tar://C:\Users\tkhaliq\AppData\Local\Temp\npm-7800-_FkX-VqK\1391298973289-0.9284771627280861\package
123 silly lockFile 391d3bde-cache-hiredis-0-1-16-package-tgz tar://C:\Users\tkhaliq\AppData\Roaming\npm-cache\hiredis\0.1.16\package.tgz
124 silly lockFile 391d3bde-cache-hiredis-0-1-16-package-tgz tar://C:\Users\tkhaliq\AppData\Roaming\npm-cache\hiredis\0.1.16\package.tgz
125 silly lockFile 661614e0-npm-cache-hiredis-0-1-16-package C:\Users\tkhaliq\AppData\Roaming\npm-cache\hiredis\0.1.16\package
126 verbose lock C:\Users\tkhaliq\AppData\Roaming\npm-cache\hiredis\0.1.16\package C:\Users\tkhaliq\AppData\Roaming\npm-cache\661614e0-npm-cache-hiredis-0-1-16-package.lock
127 silly lockFile 661614e0-npm-cache-hiredis-0-1-16-package C:\Users\tkhaliq\AppData\Roaming\npm-cache\hiredis\0.1.16\package
128 silly lockFile 661614e0-npm-cache-hiredis-0-1-16-package C:\Users\tkhaliq\AppData\Roaming\npm-cache\hiredis\0.1.16\package
129 verbose tar unpack C:\Users\tkhaliq\AppData\Roaming\npm-cache\hiredis\0.1.16\package.tgz
130 silly lockFile 13ea94d7-npm-cache-hiredis-0-1-16-package tar://C:\Users\tkhaliq\AppData\Roaming\npm-cache\hiredis\0.1.16\package
131 verbose lock tar://C:\Users\tkhaliq\AppData\Roaming\npm-cache\hiredis\0.1.16\package C:\Users\tkhaliq\AppData\Roaming\npm-cache\13ea94d7-npm-cache-hiredis-0-1-16-package.lock
132 silly lockFile 391d3bde-cache-hiredis-0-1-16-package-tgz tar://C:\Users\tkhaliq\AppData\Roaming\npm-cache\hiredis\0.1.16\package.tgz
133 verbose lock tar://C:\Users\tkhaliq\AppData\Roaming\npm-cache\hiredis\0.1.16\package.tgz C:\Users\tkhaliq\AppData\Roaming\npm-cache\391d3bde-cache-hiredis-0-1-16-package-tgz.lock
134 silly gunzTarPerm modes [ '755', '644' ]
135 silly gunzTarPerm extractEntry package.json
136 silly gunzTarPerm modified mode [ 'package.json', 438, 420 ]
137 silly gunzTarPerm extractEntry README.md
138 silly gunzTarPerm modified mode [ 'README.md', 438, 420 ]
139 silly gunzTarPerm extractEntry bench.js
140 silly gunzTarPerm modified mode [ 'bench.js', 438, 420 ]
141 silly gunzTarPerm extractEntry hiredis.js
142 silly gunzTarPerm modified mode [ 'hiredis.js', 438, 420 ]
143 silly gunzTarPerm extractEntry binding.gyp
144 silly gunzTarPerm modified mode [ 'binding.gyp', 438, 420 ]
145 silly gunzTarPerm extractEntry COPYING
146 silly gunzTarPerm modified mode [ 'COPYING', 438, 420 ]
147 silly gunzTarPerm extractEntry deps/hiredis/README.md
148 silly gunzTarPerm modified mode [ 'deps/hiredis/README.md', 438, 420 ]
149 silly gunzTarPerm extractEntry deps/hiredis/example.c
150 silly gunzTarPerm modified mode [ 'deps/hiredis/example.c', 438, 420 ]
151 silly gunzTarPerm extractEntry deps/hiredis/async.h
152 silly gunzTarPerm modified mode [ 'deps/hiredis/async.h', 438, 420 ]
153 silly gunzTarPerm extractEntry deps/hiredis/CHANGELOG.md
154 silly gunzTarPerm modified mode [ 'deps/hiredis/CHANGELOG.md', 438, 420 ]
155 silly gunzTarPerm extractEntry deps/hiredis/COPYING
156 silly gunzTarPerm modified mode [ 'deps/hiredis/COPYING', 438, 420 ]
157 silly gunzTarPerm extractEntry deps/hiredis/dict.c
158 silly gunzTarPerm modified mode [ 'deps/hiredis/dict.c', 438, 420 ]
159 silly gunzTarPerm extractEntry deps/hiredis/dict.h
160 silly gunzTarPerm modified mode [ 'deps/hiredis/dict.h', 438, 420 ]
161 silly gunzTarPerm extractEntry deps/hiredis/example-ae.c
162 silly gunzTarPerm modified mode [ 'deps/hiredis/example-ae.c', 438, 420 ]
163 silly gunzTarPerm extractEntry deps/hiredis/example-libev.c
164 silly gunzTarPerm modified mode [ 'deps/hiredis/example-libev.c', 438, 420 ]
165 silly gunzTarPerm extractEntry deps/hiredis/example-libevent.c
166 silly gunzTarPerm modified mode [ 'deps/hiredis/example-libevent.c', 438, 420 ]
167 silly gunzTarPerm extractEntry deps/hiredis/async.c
168 silly gunzTarPerm modified mode [ 'deps/hiredis/async.c', 438, 420 ]
169 silly gunzTarPerm extractEntry deps/hiredis/fmacros.h
170 silly gunzTarPerm modified mode [ 'deps/hiredis/fmacros.h', 438, 420 ]
171 silly gunzTarPerm extractEntry deps/hiredis/hiredis.c
172 silly gunzTarPerm modified mode [ 'deps/hiredis/hiredis.c', 438, 420 ]
173 silly gunzTarPerm extractEntry deps/hiredis/hiredis.h
174 silly gunzTarPerm modified mode [ 'deps/hiredis/hiredis.h', 438, 420 ]
175 silly gunzTarPerm extractEntry deps/hiredis/Makefile
176 silly gunzTarPerm modified mode [ 'deps/hiredis/Makefile', 438, 420 ]
177 silly gunzTarPerm extractEntry deps/hiredis/net.c
178 silly gunzTarPerm modified mode [ 'deps/hiredis/net.c', 438, 420 ]
179 silly gunzTarPerm extractEntry deps/hiredis/net.h
180 silly gunzTarPerm modified mode [ 'deps/hiredis/net.h', 438, 420 ]
181 silly gunzTarPerm extractEntry deps/hiredis/adapters/ae.h
182 silly gunzTarPerm modified mode [ 'deps/hiredis/adapters/ae.h', 438, 420 ]
183 silly gunzTarPerm extractEntry deps/hiredis/adapters/libev.h
184 silly gunzTarPerm modified mode [ 'deps/hiredis/adapters/libev.h', 438, 420 ]
185 silly gunzTarPerm extractEntry deps/hiredis/adapters/libevent.h
186 silly gunzTarPerm modified mode [ 'deps/hiredis/adapters/libevent.h', 438, 420 ]
187 silly gunzTarPerm extractEntry deps/hiredis/sds.c
188 silly gunzTarPerm modified mode [ 'deps/hiredis/sds.c', 438, 420 ]
189 silly gunzTarPerm extractEntry deps/hiredis/sds.h
190 silly gunzTarPerm modified mode [ 'deps/hiredis/sds.h', 438, 420 ]
191 silly gunzTarPerm extractEntry deps/hiredis/test.c
192 silly gunzTarPerm modified mode [ 'deps/hiredis/test.c', 438, 420 ]
193 silly gunzTarPerm extractEntry deps/hiredis.gyp
194 silly gunzTarPerm modified mode [ 'deps/hiredis.gyp', 438, 420 ]
195 silly gunzTarPerm extractEntry src/hiredis.cc
196 silly gunzTarPerm modified mode [ 'src/hiredis.cc', 438, 420 ]
197 silly gunzTarPerm extractEntry src/reader.cc
198 silly gunzTarPerm modified mode [ 'src/reader.cc', 438, 420 ]
199 silly gunzTarPerm extractEntry src/reader.h
200 silly gunzTarPerm modified mode [ 'src/reader.h', 438, 420 ]
201 silly gunzTarPerm extractEntry test/reader.js
202 silly gunzTarPerm modified mode [ 'test/reader.js', 438, 420 ]
203 silly lockFile 13ea94d7-npm-cache-hiredis-0-1-16-package tar://C:\Users\tkhaliq\AppData\Roaming\npm-cache\hiredis\0.1.16\package
204 silly lockFile 13ea94d7-npm-cache-hiredis-0-1-16-package tar://C:\Users\tkhaliq\AppData\Roaming\npm-cache\hiredis\0.1.16\package
205 silly lockFile 391d3bde-cache-hiredis-0-1-16-package-tgz tar://C:\Users\tkhaliq\AppData\Roaming\npm-cache\hiredis\0.1.16\package.tgz
206 silly lockFile 391d3bde-cache-hiredis-0-1-16-package-tgz tar://C:\Users\tkhaliq\AppData\Roaming\npm-cache\hiredis\0.1.16\package.tgz
207 verbose chmod C:\Users\tkhaliq\AppData\Roaming\npm-cache\hiredis\0.1.16\package.tgz 644
208 silly chown skipping for windows C:\Users\tkhaliq\AppData\Roaming\npm-cache\hiredis\0.1.16\package.tgz
209 silly lockFile 4200863f-s-org-hiredis-hiredis-0-1-16-tgz https://registry.npmjs.org/hiredis/-/hiredis-0.1.16.tgz
210 silly lockFile 4200863f-s-org-hiredis-hiredis-0-1-16-tgz https://registry.npmjs.org/hiredis/-/hiredis-0.1.16.tgz
211 silly lockFile beed5615-hiredis-0-1-16 hiredis@0.1.16
212 silly lockFile beed5615-hiredis-0-1-16 hiredis@0.1.16
213 silly lockFile dc014615-hiredis hiredis@
214 silly lockFile dc014615-hiredis hiredis@
215 silly resolved [ { name: 'redis',
215 silly resolved     version: '0.10.0',
215 silly resolved     description: 'Redis client library',
215 silly resolved     keywords: [ 'redis', 'database' ],
215 silly resolved     author: { name: 'Matt Ranney', email: 'mjr@ranney.com' },
215 silly resolved     main: './index.js',
215 silly resolved     scripts: { test: 'node ./test.js' },
215 silly resolved     devDependencies: { metrics: '>=0.1.5', colors: '~0.6.0-1', underscore: '~1.4.4' },
215 silly resolved     repository: { type: 'git', url: 'git://github.com/mranney/node_redis.git' },
215 silly resolved     readme: 'redis - a node.js redis client\n===========================\n\nThis is a complete Redis client for node.js.  It supports all Redis commands, including many recently added commands like EVAL from\nexperimental Redis server branches.\n\n\nInstall with:\n\n    npm install redis\n\nPieter Noordhuis has provided a binding to the official `hiredis` C library, which is non-blocking and fast.  To use `hiredis`, do:\n\n    npm install hiredis redis\n\nIf `hiredis` is installed, `node_redis` will use it by default.  Otherwise, a pure JavaScript parser will be used.\n\nIf you use `hiredis`, be sure to rebuild it whenever you upgrade your version of node.  There are mysterious failures that can\nhappen between node and native code modules after a node upgrade.\n\n\n## Usage\n\nSimple example, included as `examples/simple.js`:\n\n```js\n    var redis = require("redis"),\n        client = redis.createClient();\n\n    // if you\'d like to select database 3, instead of 0 (default), call\n    // client.select(3, function() { /* ... */ });\n\n    client.on("error", function (err) {\n        console.log("Error " + err);\n    });\n\n    client.set("string key", "string val", redis.print);\n    client.hset("hash key", "hashtest 1", "some value", redis.print);\n    client.hset(["hash key", "hashtest 2", "some other value"], redis.print);\n    client.hkeys("hash key", function (err, replies) {\n        console.log(replies.length + " replies:");\n        replies.forEach(function (reply, i) {\n            console.log("    " + i + ": " + reply);\n        });\n        client.quit();\n    });\n```\n\nThis will display:\n\n    mjr:~/work/node_redis (master)$ node example.js\n    Reply: OK\n    Reply: 0\n    Reply: 0\n    2 replies:\n        0: hashtest 1\n        1: hashtest 2\n    mjr:~/work/node_redis (master)$\n\n\n## Performance\n\nHere are typical results of `multi_bench.js` which is similar to `redis-benchmark` from the Redis distribution.\nIt uses 50 concurrent connections with no pipelining.\n\nJavaScript parser:\n\n    PING: 20000 ops 42283.30 ops/sec 0/5/1.182\n    SET: 20000 ops 32948.93 ops/sec 1/7/1.515\n    GET: 20000 ops 28694.40 ops/sec 0/9/1.740\n    INCR: 20000 ops 39370.08 ops/sec 0/8/1.269\n    LPUSH: 20000 ops 36429.87 ops/sec 0/8/1.370\n    LRANGE (10 elements): 20000 ops 9891.20 ops/sec 1/9/5.048\n    LRANGE (100 elements): 20000 ops 1384.56 ops/sec 10/91/36.072\n\nhiredis parser:\n\n    PING: 20000 ops 46189.38 ops/sec 1/4/1.082\n    SET: 20000 ops 41237.11 ops/sec 0/6/1.210\n    GET: 20000 ops 39682.54 ops/sec 1/7/1.257\n    INCR: 20000 ops 40080.16 ops/sec 0/8/1.242\n    LPUSH: 20000 ops 41152.26 ops/sec 0/3/1.212\n    LRANGE (10 elements): 20000 ops 36563.07 ops/sec 1/8/1.363\n    LRANGE (100 elements): 20000 ops 21834.06 ops/sec 0/9/2.287\n\nThe performance of `node_redis` improves dramatically with pipelining, which happens automatically in most normal programs.\n\n\n### Sending Commands\n\nEach Redis command is exposed as a function on the `client` object.\nAll functions take either an `args` Array plus optional `callback` Function or\na variable number of individual arguments followed by an optional callback.\nHere is an example of passing an array of arguments and a callback:\n\n    client.mset(["test keys 1", "test val 1", "test keys 2", "test val 2"], function (err, res) {});\n\nHere is that same call in the second style:\n\n    client.mset("test keys 1", "test val 1", "test keys 2", "test val 2", function (err, res) {});\n\nNote that in either form the `callback` is optional:\n\n    client.set("some key", "some val");\n    client.set(["some other key", "some val"]);\n\nIf the key is missing, reply will be null (probably):\n\n    client.get("missingkey", function(err, reply) {\n        // reply is null when the key is missing\n        console.log(reply);\n    });\n\nFor a list of Redis commands, see [Redis Command Reference](http://redis.io/commands)\n\nThe commands can be specified in uppercase or lowercase for convenience.  `client.get()` is the same as `client.GET()`.\n\nMinimal parsing is done on the replies.  Commands that return a single line reply return JavaScript Strings,\ninteger replies return JavaScript Numbers, "bulk" replies return node Buffers, and "multi bulk" replies return a\nJavaScript Array of node Buffers.  `HGETALL` returns an Object with Buffers keyed by the hash keys.\n\n# API\n\n## Connection Events\n\n`client` will emit some events about the state of the connection to the Redis server.\n\n### "ready"\n\n`client` will emit `ready` a connection is established to the Redis server and the server reports\nthat it is ready to receive commands.  Commands issued before the `ready` event are queued,\nthen replayed just before this event is emitted.\n\n### "connect"\n\n`client` will emit `connect` at the same time as it emits `ready` unless `client.options.no_ready_check`\nis set.  If this options is set, `connect` will be emitted when the stream is connected, and then\nyou are free to try to send commands.\n\n### "error"\n\n`client` will emit `error` when encountering an error connecting to the Redis server.\n\nNote that "error" is a special event type in node.  If there are no listeners for an\n"error" event, node will exit.  This is usually what you want, but it can lead to some\ncryptic error messages like this:\n\n    mjr:~/work/node_redis (master)$ node example.js\n\n    node.js:50\n        throw e;\n        ^\n    Error: ECONNREFUSED, Connection refused\n        at IOWatcher.callback (net:870:22)\n        at node.js:607:9\n\nNot very useful in diagnosing the problem, but if your program isn\'t ready to handle this,\nit is probably the right thing to just exit.\n\n`client` will also emit `error` if an exception is thrown inside of `node_redis` for whatever reason.\nIt would be nice to distinguish these two cases.\n\n### "end"\n\n`client` will emit `end` when an established Redis server connection has closed.\n\n### "drain"\n\n`client` will emit `drain` when the TCP connection to the Redis server has been buffering, but is now\nwritable.  This event can be used to stream commands in to Redis and adapt to backpressure.  Right now,\nyou need to check `client.command_queue.length` to decide when to reduce your send rate.  Then you can\nresume sending when you get `drain`.\n\n### "idle"\n\n`client` will emit `idle` when there are no outstanding commands that are awaiting a response.\n\n## redis.createClient(port, host, options)\n\nCreate a new client connection.  `port` defaults to `6379` and `host` defaults\nto `127.0.0.1`.  If you have `redis-server` running on the same computer as node, then the defaults for\nport and host are probably fine.  `options` in an object with the following possible properties:\n\n* `parser`: which Redis protocol reply parser to use.  Defaults to `hiredis` if that module is installed.\nThis may also be set to `javascript`.\n* `return_buffers`: defaults to `false`.  If set to `true`, then all replies will be sent to callbacks as node Buffer\nobjects instead of JavaScript Strings.\n* `detect_buffers`: default to `false`. If set to `true`, then replies will be sent to callbacks as node Buffer objects\nif any of the input arguments to the original command were Buffer objects.\nThis option lets you switch between Buffers and Strings on a per-command basis, whereas `return_buffers` applies to\nevery command on a client.\n* `socket_nodelay`: defaults to `true`. Whether to call setNoDelay() on the TCP stream, which disables the\nNagle algorithm on the underlying socket.  Setting this option to `false` can result in additional throughput at the\ncost of more latency.  Most applications will want this set to `true`.\n* `no_ready_check`: defaults to `false`. When a connection is established to the Redis server, the server might still\nbe loading the database from disk.  While loading, the server not respond to any commands.  To work around this,\n`node_redis` has a "ready check" which sends the `INFO` command to the server.  The response from the `INFO` command\nindicates whether the server is ready for more commands.  When ready, `node_redis` emits a `ready` event.\nSetting `no_ready_check` to `true` will inhibit this check.\n* `enable_offline_queue`: defaults to `true`. By default, if there is no active\nconnection to the redis server, commands are added to a queue and are executed\nonce the connection has been established. Setting `enable_offline_queue` to\n`false` will disable this feature and the callback will be execute immediately\nwith an error, or an error will be thrown if no callback is specified.\n* `retry_max_delay`: defaults to `null`. By default every time the client tries to connect and fails time before\nreconnection (delay) almost doubles. This delay normally grows infinitely, but setting `retry_max_delay` limits delay\nto maximum value, provided in milliseconds.\n* `connect_timeout` defaults to `false`. By default client will try reconnecting until connected. Setting `connect_timeout`\nlimits total time for client to reconnect. Value is provided in milliseconds and is counted once the disconnect occured.\n* `max_attempts` defaults to `null`. By default client will try reconnecting until connected. Setting `max_attempts`\nlimits total amount of reconnects.\n* `auth_pass` defaults to `null`. By default client will try connecting without auth. If set, client will run redis auth command on connect.\n\n```js\n    var redis = require("redis"),\n        client = redis.createClient(null, null, {detect_buffers: true});\n\n    client.set("foo_rand000000000000", "OK");\n\n    // This will return a JavaScript String\n    client.get("foo_rand000000000000", function (err, reply) {\n        console.log(reply.toString()); // Will print `OK`\n    });\n\n    // This will return a Buffer since original key is specified as a Buffer\n    client.get(new Buffer("foo_rand000000000000"), function (err, reply) {\n        console.log(reply.toString()); // Will print `<Buffer 4f 4b>`\n    });\n    client.end();\n```\n\n`createClient()` returns a `RedisClient` object that is named `client` in all of the examples here.\n\n### Unix Domain Socket\n\nYou can also create a connection to Redis server via the unix domain socket if the server\nhas it enabled:\n\n```js\nvar redis = require("redis");\nvar client = redis.createClient("/tmp/redis.sock");\n```\n\nSample `redis.conf` configuration to enable unix domain socket listening:\n\n```conf\nunixsocket /tmp/redis.sock\nunixsocketperm 755\n```\n\nSee [issue #204](https://github.com/mranney/node_redis/issues/204) for more information.\n\n## client.auth(password, callback)\n\nWhen connecting to Redis servers that require authentication, the `AUTH` command must be sent as the\nfirst command after connecting.  This can be tricky to coordinate with reconnections, the ready check,\netc.  To make this easier, `client.auth()` stashes `password` and will send it after each connection,\nincluding reconnections.  `callback` is invoked only once, after the response to the very first\n`AUTH` command sent.\nNOTE: Your call to `client.auth()` should not be inside the ready handler. If\nyou are doing this wrong, `client` will emit an error that looks\nsomething like this `Error: Ready check failed: ERR operation not permitted`.\n\n## client.end()\n\nForcibly close the connection to the Redis server.  Note that this does not wait until all replies have been parsed.\nIf you want to exit cleanly, call `client.quit()` to send the `QUIT` command after you have handled all replies.\n\nThis example closes the connection to the Redis server before the replies have been read.  You probably don\'t\nwant to do this:\n\n```js\n    var redis = require("redis"),\n        client = redis.createClient();\n\n    client.set("foo_rand000000000000", "some fantastic value");\n    client.get("foo_rand000000000000", function (err, reply) {\n        console.log(reply.toString());\n    });\n    client.end();\n```\n\n`client.end()` is useful for timeout cases where something is stuck or taking too long and you want\nto start over.\n\n## client.unref()\n\nCall `unref()` on the underlying socket connection to the Redis server, allowing the program to exit once no more commands are pending.\n\nThis is an **experimental** feature, and only supports a subset of the Redis protocol. Any commands where client state is saved on the Redis server, e.g. `*SUBSCRIBE` or the blocking `BL*` commands will *NOT* work with `.unref()`.\n\n```js\nvar redis = require("redis")\nvar client = redis.createClient()\n\n/*\n    Calling unref() will allow this program to exit immediately after the get command finishes. Otherwise the client would hang as long as the client-server connection is alive.\n*/\nclient.unref()\nclient.get("foo", function (err, value){\n    if (err) throw(err)\n    console.log(value)\n})\n```\n\n## Friendlier hash commands\n\nMost Redis commands take a single String or an Array of Strings as arguments, and replies are sent back as a single String or an Array of Strings.\nWhen dealing with hash values, there are a couple of useful exceptions to this.\n\n### client.hgetall(hash)\n\nThe reply from an HGETALL command will be converted into a JavaScript Object by `node_redis`.  That way you can interact\nwith the responses using JavaScript syntax.\n\nExample:\n\n    client.hmset("hosts", "mjr", "1", "another", "23", "home", "1234");\n    client.hgetall("hosts", function (err, obj) {\n        console.dir(obj);\n    });\n\nOutput:\n\n    { mjr: \'1\', another: \'23\', home: \'1234\' }\n\n### client.hmset(hash, obj, [callback])\n\nMultiple values in a hash can be set by supplying an object:\n\n    client.HMSET(key2, {\n        "0123456789": "abcdefghij", // NOTE: key and value will be coerced to strings\n        "some manner of key": "a type of value"\n    });\n\nThe properties and values of this Object will be set as keys and values in the Redis hash.\n\n### client.hmset(hash, key1, val1, ... keyn, valn, [callback])\n\nMultiple values may also be set by supplying a list:\n\n    client.HMSET(key1, "0123456789", "abcdefghij", "some manner of key", "a type of value");\n\n\n## Publish / Subscribe\n\nHere is a simple example of the API for publish / subscribe.  This program opens two\nclient connections, subscribes to a channel on one of them, and publishes to that\nchannel on the other:\n\n```js\n    var redis = require("redis"),\n        client1 = redis.createClient(), client2 = redis.createClient(),\n        msg_count = 0;\n\n    client1.on("subscribe", function (channel, count) {\n        client2.publish("a nice channel", "I am sending a message.");\n        client2.publish("a nice channel", "I am sending a second message.");\n        client2.publish("a nice channel", "I am sending my last message.");\n    });\n\n    client1.on("message", function (channel, message) {\n        console.log("client1 channel " + channel + ": " + message);\n        msg_count += 1;\n        if (msg_count === 3) {\n            client1.unsubscribe();\n            client1.end();\n            client2.end();\n        }\n    });\n\n    client1.incr("did a thing");\n    client1.subscribe("a nice channel");\n```\n\nWhen a client issues a `SUBSCRIBE` or `PSUBSCRIBE`, that connection is put into a "subscriber" mode.\nAt that point, only commands that modify the subscription set are valid.  When the subscription\nset is empty, the connection is put back into regular mode.\n\nIf you need to send regular commands to Redis while in subscriber mode, just open another connection.\n\n## Subscriber Events\n\nIf a client has subscriptions active, it may emit these events:\n\n### "message" (channel, message)\n\nClient will emit `message` for every message received that matches an active subscription.\nListeners are passed the channel name as `channel` and the message Buffer as `message`.\n\n### "pmessage" (pattern, channel, message)\n\nClient will emit `pmessage` for every message received that matches an active subscription pattern.\nListeners are passed the original pattern used with `PSUBSCRIBE` as `pattern`, the sending channel\nname as `channel`, and the message Buffer as `message`.\n\n### "subscribe" (channel, count)\n\nClient will emit `subscribe` in response to a `SUBSCRIBE` command.  Listeners are passed the\nchannel name as `channel` and the new count of subscriptions for this client as `count`.\n\n### "psubscribe" (pattern, count)\n\nClient will emit `psubscribe` in response to a `PSUBSCRIBE` command.  Listeners are passed the\noriginal pattern as `pattern`, and the new count of subscriptions for this client as `count`.\n\n### "unsubscribe" (channel, count)\n\nClient will emit `unsubscribe` in response to a `UNSUBSCRIBE` command.  Listeners are passed the\nchannel name as `channel` and the new count of subscriptions for this client as `count`.  When\n`count` is 0, this client has left subscriber mode and no more subscriber events will be emitted.\n\n### "punsubscribe" (pattern, count)\n\nClient will emit `punsubscribe` in response to a `PUNSUBSCRIBE` command.  Listeners are passed the\nchannel name as `channel` and the new count of subscriptions for this client as `count`.  When\n`count` is 0, this client has left subscriber mode and no more subscriber events will be emitted.\n\n## client.multi([commands])\n\n`MULTI` commands are queued up until an `EXEC` is issued, and then all commands are run atomically by\nRedis.  The interface in `node_redis` is to return an individual `Multi` object by calling `client.multi()`.\n\n```js\n    var redis  = require("./index"),\n        client = redis.createClient(), set_size = 20;\n\n    client.sadd("bigset", "a member");\n    client.sadd("bigset", "another member");\n\n    while (set_size > 0) {\n        client.sadd("bigset", "member " + set_size);\n        set_size -= 1;\n    }\n\n    // multi chain with an individual callback\n    client.multi()\n        .scard("bigset")\n        .smembers("bigset")\n        .keys("*", function (err, replies) {\n            // NOTE: code in this callback is NOT atomic\n            // this only happens after the the .exec call finishes.\n            client.mget(replies, redis.print);\n        })\n        .dbsize()\n        .exec(function (err, replies) {\n            console.log("MULTI got " + replies.length + " replies");\n            replies.forEach(function (reply, index) {\n                console.log("Reply " + index + ": " + reply.toString());\n            });\n        });\n```\n\n### Multi.exec( callback )\n\n`client.multi()` is a constructor that returns a `Multi` object.  `Multi` objects share all of the\nsame command methods as `client` objects do.  Commands are queued up inside the `Multi` object\nuntil `Multi.exec()` is invoked.\n\nThe `callback` of `.exec()` will get invoked with two arguments:\n\n* `err` **type:** `null | Array` err is either null or an array of Error Objects corresponding the the sequence the commands where chained. The last item of the array will always be an `EXECABORT` type of error originating from the `.exec()` itself.\n* `results` **type:** `null | Array` results is an array of responses corresponding the the sequence the commands where chained.\n\nYou can either chain together `MULTI` commands as in the above example, or you can queue individual\ncommands while still sending regular client command as in this example:\n\n```js\n    var redis  = require("redis"),\n        client = redis.createClient(), multi;\n\n    // start a separate multi command queue\n    multi = client.multi();\n    multi.incr("incr thing", redis.print);\n    multi.incr("incr other thing", redis.print);\n\n    // runs immediately\n    client.mset("incr thing", 100, "incr other thing", 1, redis.print);\n\n    // drains multi queue and runs atomically\n    multi.exec(function (err, replies) {\n        console.log(replies); // 101, 2\n    });\n\n    // you can re-run the same transaction if you like\n    multi.exec(function (err, replies) {\n        console.log(replies); // 102, 3\n        client.quit();\n    });\n```\n\nIn addition to adding commands to the `MULTI` queue individually, you can also pass an array\nof commands and arguments to the constructor:\n\n```js\n    var redis  = require("redis"),\n        client = redis.createClient(), multi;\n\n    client.multi([\n        ["mget", "multifoo", "multibar", redis.print],\n        ["incr", "multifoo"],\n        ["incr", "multibar"]\n    ]).exec(function (err, replies) {\n        console.log(replies);\n    });\n```\n\n\n## Monitor mode\n\nRedis supports the `MONITOR` command, which lets you see all commands received by the Redis server\nacross all client connections, including from other client libraries and other computers.\n\nAfter you send the `MONITOR` command, no other commands are valid on that connection.  `node_redis`\nwill emit a `monitor` event for every new monitor message that comes across.  The callback for the\n`monitor` event takes a timestamp from the Redis server and an array of command arguments.\n\nHere is a simple example:\n\n```js\n    var client  = require("redis").createClient(),\n        util = require("util");\n\n    client.monitor(function (err, res) {\n        console.log("Entering monitoring mode.");\n    });\n\n    client.on("monitor", function (time, args) {\n        console.log(time + ": " + util.inspect(args));\n    });\n```\n\n# Extras\n\nSome other things you might like to know about.\n\n## client.server_info\n\nAfter the ready probe completes, the results from the INFO command are saved in the `client.server_info`\nobject.\n\nThe `versions` key contains an array of the elements of the version string for easy comparison.\n\n    > client.server_info.redis_version\n    \'2.3.0\'\n    > client.server_info.versions\n    [ 2, 3, 0 ]\n\n## redis.print()\n\nA handy callback function for displaying return values when testing.  Example:\n\n```js\n    var redis = require("redis"),\n        client = redis.createClient();\n\n    client.on("connect", function () {\n        client.set("foo_rand000000000000", "some fantastic value", redis.print);\n        client.get("foo_rand000000000000", redis.print);\n    });\n```\n\nThis will print:\n\n    Reply: OK\n    Reply: some fantastic value\n\nNote that this program will not exit cleanly because the client is still connected.\n\n## redis.debug_mode\n\nBoolean to enable debug mode and protocol tracing.\n\n```js\n    var redis = require("redis"),\n        client = redis.createClient();\n\n    redis.debug_mode = true;\n\n    client.on("connect", function () {\n        client.set("foo_rand000000000000", "some fantastic value");\n    });\n```\n\nThis will display:\n\n    mjr:~/work/node_redis (master)$ node ~/example.js\n    send command: *3\n    $3\n    SET\n    $20\n    foo_rand000000000000\n    $20\n    some fantastic value\n\n    on_data: +OK\n\n`send command` is data sent into Redis and `on_data` is data received from Redis.\n\n## Multi-word commands\n\nTo execute redis multi-word commands like `SCRIPT LOAD` or `CLIENT LIST` pass\nthe second word as first parameter:\n\n    client.script(\'load\', \'return 1\');\n    client.multi().script(\'load\', \'return 1\').exec(...);\n    client.multi([[\'script\', \'load\', \'return 1\']]).exec(...);\n\n## client.send_command(command_name, args, callback)\n\nUsed internally to send commands to Redis.  For convenience, nearly all commands that are published on the Redis\nWiki have been added to the `client` object.  However, if I missed any, or if new commands are introduced before\nthis library is updated, you can use `send_command()` to send arbitrary commands to Redis.\n\nAll commands are sent as multi-bulk commands.  `args` can either be an Array of arguments, or omitted.\n\n## client.connected\n\nBoolean tracking the state of the connection to the Redis server.\n\n## client.command_queue.length\n\nThe number of commands that have been sent to the Redis server but not yet replied to.  You can use this to\nenforce some kind of maximum queue depth for commands while connected.\n\nDon\'t mess with `client.command_queue` though unless you really know what you are doing.\n\n## client.offline_queue.length\n\nThe number of commands that have been queued up for a future connection.  You can use this to enforce\nsome kind of maximum queue depth for pre-connection commands.\n\n## client.retry_delay\n\nCurrent delay in milliseconds before a connection retry will be attempted.  This starts at `250`.\n\n## client.retry_backoff\n\nMultiplier for future retry timeouts.  This should be larger than 1 to add more time between retries.\nDefaults to 1.7.  The default initial connection retry is 250, so the second retry will be 425, followed by 723.5, etc.\n\n### Commands with Optional and Keyword arguments\n\nThis applies to anything that uses an optional `[WITHSCORES]` or `[LIMIT offset count]` in the [redis.io/commands](http://redis.io/commands) documentation.\n\nExample:\n```js\nvar args = [ \'myzset\', 1, \'one\', 2, \'two\', 3, \'three\', 99, \'ninety-nine\' ];\nclient.zadd(args, function (err, response) {\n    if (err) throw err;\n    console.log(\'added \'+response+\' items.\');\n\n    // -Infinity and +Infinity also work\n    var args1 = [ \'myzset\', \'+inf\', \'-inf\' ];\n    client.zrevrangebyscore(args1, function (err, response) {\n        if (err) throw err;\n        console.log(\'example1\', response);\n        // write your code here\n    });\n\n    var max = 3, min = 1, offset = 1, count = 2;\n    var args2 = [ \'myzset\', max, min, \'WITHSCORES\', \'LIMIT\', offset, count ];\n    client.zrevrangebyscore(args2, function (err, response) {\n        if (err) throw err;\n        console.log(\'example2\', response);\n        // write your code here\n    });\n});\n```\n\n## TODO\n\nBetter tests for auth, disconnect/reconnect, and all combinations thereof.\n\nStream large set/get values into and out of Redis.  Otherwise the entire value must be in node\'s memory.\n\nPerformance can be better for very large values.\n\nI think there are more performance improvements left in there for smaller values, especially for large lists of small values.\n\n## How to Contribute\n- open a pull request and then wait for feedback (if\n  [DTrejo](http://github.com/dtrejo) does not get back to you within 2 days,\n  comment again with indignation!)\n\n## Contributors\nSome people have have added features and fixed bugs in `node_redis` other than me.\n\nOrdered by date of first contribution.\n[Auto-generated](http://github.com/dtrejo/node-authors) on Wed Jul 25 2012 19:14:59 GMT-0700 (PDT).\n\n- [Matt Ranney aka `mranney`](https://github.com/mranney)\n- [Tim-Smart aka `tim-smart`](https://github.com/tim-smart)\n- [Tj Holowaychuk aka `visionmedia`](https://github.com/visionmedia)\n- [rick aka `technoweenie`](https://github.com/technoweenie)\n- [Orion Henry aka `orionz`](https://github.com/orionz)\n- [Aivo Paas aka `aivopaas`](https://github.com/aivopaas)\n- [Hank Sims aka `hanksims`](https://github.com/hanksims)\n- [Paul Carey aka `paulcarey`](https://github.com/paulcarey)\n- [Pieter Noordhuis aka `pietern`](https://github.com/pietern)\n- [nithesh aka `nithesh`](https://github.com/nithesh)\n- [Andy Ray aka `andy2ray`](https://github.com/andy2ray)\n- [unknown aka `unknowdna`](https://github.com/unknowdna)\n- [Dave Hoover aka `redsquirrel`](https://github.com/redsquirrel)\n- [Vladimir Dronnikov aka `dvv`](https://github.com/dvv)\n- [Umair Siddique aka `umairsiddique`](https://github.com/umairsiddique)\n- [Louis-Philippe Perron aka `lp`](https://github.com/lp)\n- [Mark Dawson aka `markdaws`](https://github.com/markdaws)\n- [Ian Babrou aka `bobrik`](https://github.com/bobrik)\n- [Felix Geisendörfer aka `felixge`](https://github.com/felixge)\n- [Jean-Hugues Pinson aka `undefined`](https://github.com/undefined)\n- [Maksim Lin aka `maks`](https://github.com/maks)\n- [Owen Smith aka `orls`](https://github.com/orls)\n- [Zachary Scott aka `zzak`](https://github.com/zzak)\n- [TEHEK Firefox aka `TEHEK`](https://github.com/TEHEK)\n- [Isaac Z. Schlueter aka `isaacs`](https://github.com/isaacs)\n- [David Trejo aka `DTrejo`](https://github.com/DTrejo)\n- [Brian Noguchi aka `bnoguchi`](https://github.com/bnoguchi)\n- [Philip Tellis aka `bluesmoon`](https://github.com/bluesmoon)\n- [Marcus Westin aka `marcuswestin2`](https://github.com/marcuswestin2)\n- [Jed Schmidt aka `jed`](https://github.com/jed)\n- [Dave Peticolas aka `jdavisp3`](https://github.com/jdavisp3)\n- [Trae Robrock aka `trobrock`](https://github.com/trobrock)\n- [Shankar Karuppiah aka `shankar0306`](https://github.com/shankar0306)\n- [Ignacio Burgueño aka `ignacio`](https://github.com/ignacio)\n\nThanks.\n\n## LICENSE - "MIT License"\n\nCopyright (c) 2010 Matthew Ranney, http://ranney.com/\n\nPermission is hereby granted, free of charge, to any person\nobtaining a copy of this software and associated documentation\nfiles (the "Software"), to deal in the Software without\nrestriction, including without limitation the rights to use,\ncopy, modify, merge, publish, distribute, sublicense, and/or sell\ncopies of the Software, and to permit persons to whom the\nSoftware is furnished to do so, subject to the following\nconditions:\n\nThe above copyright notice and this permission notice shall be\nincluded in all copies or substantial portions of the Software.\n\nTHE SOFTWARE IS PROVIDED "AS IS", WITHOUT WARRANTY OF ANY KIND,\nEXPRESS OR IMPLIED, INCLUDING BUT NOT LIMITED TO THE WARRANTIES\nOF MERCHANTABILITY, FITNESS FOR A PARTICULAR PURPOSE AND\nNONINFRINGEMENT. IN NO EVENT SHALL THE AUTHORS OR COPYRIGHT\nHOLDERS BE LIABLE FOR ANY CLAIM, DAMAGES OR OTHER LIABILITY,\nWHETHER IN AN ACTION OF CONTRACT, TORT OR OTHERWISE, ARISING\nFROM, OUT OF OR IN CONNECTION WITH THE SOFTWARE OR THE USE OR\nOTHER DEALINGS IN THE SOFTWARE.\n\n![spacer](http://ranney.com/1px.gif)\n',
215 silly resolved     readmeFilename: 'README.md',
215 silly resolved     bugs: { url: 'https://github.com/mranney/node_redis/issues' },
215 silly resolved     homepage: 'https://github.com/mranney/node_redis',
215 silly resolved     _id: 'redis@0.10.0',
215 silly resolved     _from: 'redis@' },
215 silly resolved   { name: 'hiredis',
215 silly resolved     description: 'Wrapper for reply processing code in hiredis',
215 silly resolved     version: '0.1.16',
215 silly resolved     homepage: 'http://github.com/pietern/hiredis-node',
215 silly resolved     author: { name: 'Pieter Noordhuis', email: 'pcnoordhuis@gmail.com' },
215 silly resolved     main: 'hiredis',
215 silly resolved     scripts: { test: 'node test/reader.js', install: 'node-gyp rebuild' },
215 silly resolved     dependencies: { bindings: '*' },
215 silly resolved     engines: { node: '>= 0.6.0' },
215 silly resolved     repository: { type: 'git', url: 'git@github.com:pietern/hiredis-node.git' },
215 silly resolved     bugs: { url: 'https://github.com/pietern/hiredis-node/issues' },
215 silly resolved     licenses: [ [Object] ],
215 silly resolved     gypfile: true,
215 silly resolved     readme: '[![Build Status](https://travis-ci.org/pietern/hiredis-node.png?branch=master)](https://travis-ci.org/pietern/hiredis-node)\n\n# hiredis-node\n\nNode extension that wraps [hiredis][hiredis].\nBecause Node is already good at doing I/O, hiredis-node only provides\nbindings to the protocol parser.\nThe hiredis protocol parser is faster than JavaScript protocol parsers,\nbut the speedup only becomes noticable for large replies.\nIf you use Redis for simple SET/GET operations, there won\'t be a big\nbenefit to using hiredis.\nIf you use Redis for big SUNION/SINTER/LRANGE/ZRANGE operations, the\nbenefit to using hiredis-node can be significant.\n\n[hiredis]: http://github.com/redis/hiredis\n\n## Install\n\nInstall with [NPM][npm]:\n\n```\nnpm install hiredis\n```\n\n[npm]: https://npmjs.org/\n\n## Usage\n\nhiredis-node works out of the box with Matt Ranney\'s [node_redis][node_redis].\nThe latter has an optional dependency on hiredis-node, so maybe you\'re\nalready using it without knowing.\n\nAlternatively, you can use it directly:\n\n```javascript\nvar hiredis = require("hiredis"),\n    reader = new hiredis.Reader();\n\n// Data comes in\nreader.feed("$5\\r\\nhello\\r\\n");\n\n// Reply comes out\nreader.get() // => "hello"\n```\n\nInstead of returning strings for bulk payloads, it can also return\nbuffers:\n\n```javascript\nvar hiredis = require("hiredis"),\n    reader = new hiredis.Reader({ return_buffers: true });\n\n// Data comes in\nreader.feed("$5\\r\\nhello\\r\\n");\n\n// Reply comes out\nreader.get() // => <Buffer 68 65 6c 6c 6f>\n```\n\n[node_redis]: http://github.com/mranney/node_redis\n\n## Windows\n\nDmitry Gorbunov (@fuwaneko) made a [fork of hiredis-node][windows_fork] with Windows support.\n\n[windows_fork]: https://github.com/fuwaneko/hiredis-node\n\n## License\n\nThis code is released under the BSD license, after the license of hiredis.\n',
215 silly resolved     readmeFilename: 'README.md',
215 silly resolved     _id: 'hiredis@0.1.16',
215 silly resolved     dist: { shasum: '3cc9d7b3ab11c25912876a4afc3605ddbb840eec' },
215 silly resolved     _from: 'hiredis@',
215 silly resolved     _resolved: 'https://registry.npmjs.org/hiredis/-/hiredis-0.1.16.tgz' } ]
216 info install redis@0.10.0 into C:\projects\box-heroku
217 info install hiredis@0.1.16 into C:\projects\box-heroku
218 info installOne redis@0.10.0
219 info installOne hiredis@0.1.16
220 info C:\projects\box-heroku\node_modules\hiredis unbuild
221 info C:\projects\box-heroku\node_modules\redis unbuild
222 info preuninstall redis@0.10.0
223 info uninstall redis@0.10.0
224 verbose tar unpack C:\Users\tkhaliq\AppData\Roaming\npm-cache\hiredis\0.1.16\package.tgz
225 silly lockFile 7a68e47e--box-heroku-node-modules-hiredis tar://C:\projects\box-heroku\node_modules\hiredis
226 verbose lock tar://C:\projects\box-heroku\node_modules\hiredis C:\Users\tkhaliq\AppData\Roaming\npm-cache\7a68e47e--box-heroku-node-modules-hiredis.lock
227 silly lockFile 391d3bde-cache-hiredis-0-1-16-package-tgz tar://C:\Users\tkhaliq\AppData\Roaming\npm-cache\hiredis\0.1.16\package.tgz
228 verbose lock tar://C:\Users\tkhaliq\AppData\Roaming\npm-cache\hiredis\0.1.16\package.tgz C:\Users\tkhaliq\AppData\Roaming\npm-cache\391d3bde-cache-hiredis-0-1-16-package-tgz.lock
229 verbose true,C:\projects\box-heroku\node_modules,C:\projects\box-heroku\node_modules unbuild redis@0.10.0
230 info postuninstall redis@0.10.0
231 silly gunzTarPerm modes [ '755', '644' ]
232 silly gunzTarPerm extractEntry package.json
233 silly gunzTarPerm modified mode [ 'package.json', 438, 420 ]
234 silly gunzTarPerm extractEntry README.md
235 silly gunzTarPerm modified mode [ 'README.md', 438, 420 ]
236 silly gunzTarPerm extractEntry bench.js
237 silly gunzTarPerm modified mode [ 'bench.js', 438, 420 ]
238 silly gunzTarPerm extractEntry hiredis.js
239 silly gunzTarPerm modified mode [ 'hiredis.js', 438, 420 ]
240 silly gunzTarPerm extractEntry binding.gyp
241 silly gunzTarPerm modified mode [ 'binding.gyp', 438, 420 ]
242 verbose tar unpack C:\Users\tkhaliq\AppData\Roaming\npm-cache\redis\0.10.0\package.tgz
243 silly lockFile 5641a5d1-ts-box-heroku-node-modules-redis tar://C:\projects\box-heroku\node_modules\redis
244 verbose lock tar://C:\projects\box-heroku\node_modules\redis C:\Users\tkhaliq\AppData\Roaming\npm-cache\5641a5d1-ts-box-heroku-node-modules-redis.lock
245 silly lockFile 657ed8f3-m-cache-redis-0-10-0-package-tgz tar://C:\Users\tkhaliq\AppData\Roaming\npm-cache\redis\0.10.0\package.tgz
246 verbose lock tar://C:\Users\tkhaliq\AppData\Roaming\npm-cache\redis\0.10.0\package.tgz C:\Users\tkhaliq\AppData\Roaming\npm-cache\657ed8f3-m-cache-redis-0-10-0-package-tgz.lock
247 silly gunzTarPerm extractEntry COPYING
248 silly gunzTarPerm modified mode [ 'COPYING', 438, 420 ]
249 silly gunzTarPerm extractEntry deps/hiredis/README.md
250 silly gunzTarPerm modified mode [ 'deps/hiredis/README.md', 438, 420 ]
251 silly gunzTarPerm modes [ '755', '644' ]
252 silly gunzTarPerm extractEntry package.json
253 silly gunzTarPerm modified mode [ 'package.json', 438, 420 ]
254 silly gunzTarPerm extractEntry deps/hiredis/example.c
255 silly gunzTarPerm modified mode [ 'deps/hiredis/example.c', 438, 420 ]
256 silly gunzTarPerm extractEntry .npmignore
257 silly gunzTarPerm modified mode [ '.npmignore', 438, 420 ]
258 silly gunzTarPerm extractEntry README.md
259 silly gunzTarPerm modified mode [ 'README.md', 438, 420 ]
260 silly gunzTarPerm extractEntry deps/hiredis/async.h
261 silly gunzTarPerm modified mode [ 'deps/hiredis/async.h', 438, 420 ]
262 silly gunzTarPerm extractEntry deps/hiredis/CHANGELOG.md
263 silly gunzTarPerm modified mode [ 'deps/hiredis/CHANGELOG.md', 438, 420 ]
264 silly gunzTarPerm extractEntry test-unref.js
265 silly gunzTarPerm modified mode [ 'test-unref.js', 438, 420 ]
266 silly gunzTarPerm extractEntry deps/hiredis/COPYING
267 silly gunzTarPerm modified mode [ 'deps/hiredis/COPYING', 438, 420 ]
268 silly gunzTarPerm extractEntry deps/hiredis/dict.c
269 silly gunzTarPerm modified mode [ 'deps/hiredis/dict.c', 438, 420 ]
270 silly gunzTarPerm extractEntry diff_multi_bench_output.js
271 silly gunzTarPerm modified mode [ 'diff_multi_bench_output.js', 438, 420 ]
272 silly gunzTarPerm extractEntry generate_commands.js
273 silly gunzTarPerm modified mode [ 'generate_commands.js', 438, 420 ]
274 silly gunzTarPerm extractEntry deps/hiredis/dict.h
275 silly gunzTarPerm modified mode [ 'deps/hiredis/dict.h', 438, 420 ]
276 silly gunzTarPerm extractEntry deps/hiredis/example-ae.c
277 silly gunzTarPerm modified mode [ 'deps/hiredis/example-ae.c', 438, 420 ]
278 silly gunzTarPerm extractEntry deps/hiredis/example-libev.c
279 silly gunzTarPerm modified mode [ 'deps/hiredis/example-libev.c', 438, 420 ]
280 silly gunzTarPerm extractEntry deps/hiredis/example-libevent.c
281 silly gunzTarPerm modified mode [ 'deps/hiredis/example-libevent.c', 438, 420 ]
282 silly gunzTarPerm extractEntry multi_bench.js
283 silly gunzTarPerm modified mode [ 'multi_bench.js', 438, 420 ]
284 silly gunzTarPerm extractEntry test.js
285 silly gunzTarPerm modified mode [ 'test.js', 438, 420 ]
286 silly gunzTarPerm extractEntry index.js
287 silly gunzTarPerm modified mode [ 'index.js', 438, 420 ]
288 silly gunzTarPerm extractEntry lib/commands.js
289 silly gunzTarPerm modified mode [ 'lib/commands.js', 438, 420 ]
290 silly gunzTarPerm extractEntry deps/hiredis/async.c
291 silly gunzTarPerm modified mode [ 'deps/hiredis/async.c', 438, 420 ]
292 silly gunzTarPerm extractEntry deps/hiredis/fmacros.h
293 silly gunzTarPerm modified mode [ 'deps/hiredis/fmacros.h', 438, 420 ]
294 silly gunzTarPerm extractEntry lib/queue.js
295 silly gunzTarPerm modified mode [ 'lib/queue.js', 438, 420 ]
296 silly gunzTarPerm extractEntry lib/to_array.js
297 silly gunzTarPerm modified mode [ 'lib/to_array.js', 438, 420 ]
298 silly gunzTarPerm extractEntry deps/hiredis/hiredis.c
299 silly gunzTarPerm modified mode [ 'deps/hiredis/hiredis.c', 438, 420 ]
300 silly gunzTarPerm extractEntry deps/hiredis/hiredis.h
301 silly gunzTarPerm modified mode [ 'deps/hiredis/hiredis.h', 438, 420 ]
302 silly gunzTarPerm extractEntry lib/util.js
303 silly gunzTarPerm modified mode [ 'lib/util.js', 438, 420 ]
304 silly gunzTarPerm extractEntry lib/parser/hiredis.js
305 silly gunzTarPerm modified mode [ 'lib/parser/hiredis.js', 438, 420 ]
306 silly gunzTarPerm extractEntry deps/hiredis/Makefile
307 silly gunzTarPerm modified mode [ 'deps/hiredis/Makefile', 438, 420 ]
308 silly gunzTarPerm extractEntry deps/hiredis/net.c
309 silly gunzTarPerm modified mode [ 'deps/hiredis/net.c', 438, 420 ]
310 silly gunzTarPerm extractEntry lib/parser/javascript.js
311 silly gunzTarPerm modified mode [ 'lib/parser/javascript.js', 438, 420 ]
312 silly gunzTarPerm extractEntry benches/buffer_bench.js
313 silly gunzTarPerm modified mode [ 'benches/buffer_bench.js', 438, 420 ]
314 silly gunzTarPerm extractEntry deps/hiredis/net.h
315 silly gunzTarPerm modified mode [ 'deps/hiredis/net.h', 438, 420 ]
316 silly gunzTarPerm extractEntry deps/hiredis/adapters/ae.h
317 silly gunzTarPerm modified mode [ 'deps/hiredis/adapters/ae.h', 438, 420 ]
318 silly gunzTarPerm extractEntry deps/hiredis/adapters/libev.h
319 silly gunzTarPerm modified mode [ 'deps/hiredis/adapters/libev.h', 438, 420 ]
320 silly gunzTarPerm extractEntry deps/hiredis/adapters/libevent.h
321 silly gunzTarPerm modified mode [ 'deps/hiredis/adapters/libevent.h', 438, 420 ]
322 silly gunzTarPerm extractEntry deps/hiredis/sds.c
323 silly gunzTarPerm modified mode [ 'deps/hiredis/sds.c', 438, 420 ]
324 silly gunzTarPerm extractEntry deps/hiredis/sds.h
325 silly gunzTarPerm modified mode [ 'deps/hiredis/sds.h', 438, 420 ]
326 silly gunzTarPerm extractEntry deps/hiredis/test.c
327 silly gunzTarPerm modified mode [ 'deps/hiredis/test.c', 438, 420 ]
328 silly gunzTarPerm extractEntry deps/hiredis.gyp
329 silly gunzTarPerm modified mode [ 'deps/hiredis.gyp', 438, 420 ]
330 silly gunzTarPerm extractEntry src/hiredis.cc
331 silly gunzTarPerm modified mode [ 'src/hiredis.cc', 438, 420 ]
332 silly gunzTarPerm extractEntry src/reader.cc
333 silly gunzTarPerm modified mode [ 'src/reader.cc', 438, 420 ]
334 silly gunzTarPerm extractEntry src/reader.h
335 silly gunzTarPerm modified mode [ 'src/reader.h', 438, 420 ]
336 silly gunzTarPerm extractEntry test/reader.js
337 silly gunzTarPerm modified mode [ 'test/reader.js', 438, 420 ]
338 silly gunzTarPerm extractEntry benches/hiredis_parser.js
339 silly gunzTarPerm modified mode [ 'benches/hiredis_parser.js', 438, 420 ]
340 silly gunzTarPerm extractEntry benches/reconnect_test.js
341 silly gunzTarPerm modified mode [ 'benches/reconnect_test.js', 438, 420 ]
342 silly gunzTarPerm extractEntry benches/re_sub_test.js
343 silly gunzTarPerm modified mode [ 'benches/re_sub_test.js', 438, 420 ]
344 silly gunzTarPerm extractEntry benches/sub_quit_test.js
345 silly gunzTarPerm modified mode [ 'benches/sub_quit_test.js', 438, 420 ]
346 silly gunzTarPerm extractEntry benches/stress/codec.js
347 silly gunzTarPerm modified mode [ 'benches/stress/codec.js', 438, 420 ]
348 silly gunzTarPerm extractEntry benches/stress/pubsub/pub.js
349 silly gunzTarPerm modified mode [ 'benches/stress/pubsub/pub.js', 438, 420 ]
350 silly gunzTarPerm extractEntry benches/stress/pubsub/server.js
351 silly gunzTarPerm modified mode [ 'benches/stress/pubsub/server.js', 438, 420 ]
352 silly gunzTarPerm extractEntry benches/stress/pubsub/run
353 silly gunzTarPerm modified mode [ 'benches/stress/pubsub/run', 438, 420 ]
354 silly gunzTarPerm extractEntry benches/stress/rpushblpop/pub.js
355 silly gunzTarPerm modified mode [ 'benches/stress/rpushblpop/pub.js', 438, 420 ]
356 silly gunzTarPerm extractEntry benches/stress/rpushblpop/server.js
357 silly gunzTarPerm modified mode [ 'benches/stress/rpushblpop/server.js', 438, 420 ]
358 silly gunzTarPerm extractEntry benches/stress/rpushblpop/run
359 silly gunzTarPerm modified mode [ 'benches/stress/rpushblpop/run', 438, 420 ]
360 silly gunzTarPerm extractEntry benches/stress/speed/speed.js
361 silly gunzTarPerm modified mode [ 'benches/stress/speed/speed.js', 438, 420 ]
362 silly gunzTarPerm extractEntry benches/stress/speed/00
363 silly gunzTarPerm modified mode [ 'benches/stress/speed/00', 438, 420 ]
364 silly gunzTarPerm extractEntry benches/stress/speed/plot
365 silly gunzTarPerm modified mode [ 'benches/stress/speed/plot', 438, 420 ]
366 silly gunzTarPerm extractEntry benches/stress/speed/size-rate.png
367 silly gunzTarPerm modified mode [ 'benches/stress/speed/size-rate.png', 438, 420 ]
368 silly gunzTarPerm extractEntry examples/auth.js
369 silly gunzTarPerm modified mode [ 'examples/auth.js', 438, 420 ]
370 silly gunzTarPerm extractEntry examples/mget.js
371 silly gunzTarPerm modified mode [ 'examples/mget.js', 438, 420 ]
372 silly gunzTarPerm extractEntry examples/monitor.js
373 silly gunzTarPerm modified mode [ 'examples/monitor.js', 438, 420 ]
374 silly gunzTarPerm extractEntry examples/multi.js
375 silly gunzTarPerm modified mode [ 'examples/multi.js', 438, 420 ]
376 silly gunzTarPerm extractEntry examples/file.js
377 silly gunzTarPerm modified mode [ 'examples/file.js', 438, 420 ]
378 silly gunzTarPerm extractEntry examples/psubscribe.js
379 silly gunzTarPerm modified mode [ 'examples/psubscribe.js', 438, 420 ]
380 silly gunzTarPerm extractEntry examples/pub_sub.js
381 silly gunzTarPerm modified mode [ 'examples/pub_sub.js', 438, 420 ]
382 silly gunzTarPerm extractEntry examples/simple.js
383 silly gunzTarPerm modified mode [ 'examples/simple.js', 438, 420 ]
384 silly gunzTarPerm extractEntry examples/sort.js
385 silly gunzTarPerm modified mode [ 'examples/sort.js', 438, 420 ]
386 silly gunzTarPerm extractEntry examples/subqueries.js
387 silly gunzTarPerm modified mode [ 'examples/subqueries.js', 438, 420 ]
388 silly gunzTarPerm extractEntry examples/extend.js
389 silly gunzTarPerm modified mode [ 'examples/extend.js', 438, 420 ]
390 silly gunzTarPerm extractEntry examples/subquery.js
391 silly gunzTarPerm modified mode [ 'examples/subquery.js', 438, 420 ]
392 silly gunzTarPerm extractEntry examples/eval.js
393 silly gunzTarPerm modified mode [ 'examples/eval.js', 438, 420 ]
394 silly gunzTarPerm extractEntry examples/unix_socket.js
395 silly gunzTarPerm modified mode [ 'examples/unix_socket.js', 438, 420 ]
396 silly gunzTarPerm extractEntry examples/backpressure_drain.js
397 silly gunzTarPerm modified mode [ 'examples/backpressure_drain.js', 438, 420 ]
398 silly gunzTarPerm extractEntry examples/web_server.js
399 silly gunzTarPerm modified mode [ 'examples/web_server.js', 438, 420 ]
400 silly gunzTarPerm extractEntry examples/multi2.js
401 silly gunzTarPerm modified mode [ 'examples/multi2.js', 438, 420 ]
402 silly gunzTarPerm extractEntry changelog.md
403 silly gunzTarPerm modified mode [ 'changelog.md', 438, 420 ]
404 silly lockFile 7a68e47e--box-heroku-node-modules-hiredis tar://C:\projects\box-heroku\node_modules\hiredis
405 silly lockFile 7a68e47e--box-heroku-node-modules-hiredis tar://C:\projects\box-heroku\node_modules\hiredis
406 silly lockFile 391d3bde-cache-hiredis-0-1-16-package-tgz tar://C:\Users\tkhaliq\AppData\Roaming\npm-cache\hiredis\0.1.16\package.tgz
407 silly lockFile 391d3bde-cache-hiredis-0-1-16-package-tgz tar://C:\Users\tkhaliq\AppData\Roaming\npm-cache\hiredis\0.1.16\package.tgz
408 info preinstall hiredis@0.1.16
409 verbose readDependencies using package.json deps
410 verbose readDependencies using package.json deps
411 verbose cache add [ 'bindings@*', null ]
412 verbose cache add name=undefined spec="bindings@*" args=["bindings@*",null]
413 verbose parsed url { protocol: null,
413 verbose parsed url   slashes: null,
413 verbose parsed url   auth: null,
413 verbose parsed url   host: null,
413 verbose parsed url   port: null,
413 verbose parsed url   hostname: null,
413 verbose parsed url   hash: null,
413 verbose parsed url   search: null,
413 verbose parsed url   query: null,
413 verbose parsed url   pathname: 'bindings@*',
413 verbose parsed url   path: 'bindings@*',
413 verbose parsed url   href: 'bindings@*' }
414 verbose cache add name="bindings" spec="*" args=["bindings","*"]
415 verbose parsed url { protocol: null,
415 verbose parsed url   slashes: null,
415 verbose parsed url   auth: null,
415 verbose parsed url   host: null,
415 verbose parsed url   port: null,
415 verbose parsed url   hostname: null,
415 verbose parsed url   hash: null,
415 verbose parsed url   search: null,
415 verbose parsed url   query: null,
415 verbose parsed url   pathname: '*',
415 verbose parsed url   path: '*',
415 verbose parsed url   href: '*' }
416 verbose addNamed [ 'bindings', '*' ]
417 verbose addNamed [ null, '*' ]
418 silly lockFile a3858fc2-bindings bindings@*
419 verbose lock bindings@* C:\Users\tkhaliq\AppData\Roaming\npm-cache\a3858fc2-bindings.lock
420 silly addNameRange { name: 'bindings', range: '*', hasData: false }
421 verbose url raw bindings
422 verbose url resolving [ 'https://registry.npmjs.org/', './bindings' ]
423 verbose url resolved https://registry.npmjs.org/bindings
424 info trying registry request attempt 1 at 18:56:15
425 http GET https://registry.npmjs.org/bindings
426 silly lockFile 5641a5d1-ts-box-heroku-node-modules-redis tar://C:\projects\box-heroku\node_modules\redis
427 silly lockFile 5641a5d1-ts-box-heroku-node-modules-redis tar://C:\projects\box-heroku\node_modules\redis
428 silly lockFile 657ed8f3-m-cache-redis-0-10-0-package-tgz tar://C:\Users\tkhaliq\AppData\Roaming\npm-cache\redis\0.10.0\package.tgz
429 silly lockFile 657ed8f3-m-cache-redis-0-10-0-package-tgz tar://C:\Users\tkhaliq\AppData\Roaming\npm-cache\redis\0.10.0\package.tgz
430 info preinstall redis@0.10.0
431 verbose readDependencies using package.json deps
432 verbose readDependencies using package.json deps
433 silly resolved []
434 verbose about to build C:\projects\box-heroku\node_modules\redis
435 info build C:\projects\box-heroku\node_modules\redis
436 verbose linkStuff [ false, false, false, 'C:\\projects\\box-heroku\\node_modules' ]
437 info linkStuff redis@0.10.0
438 verbose linkBins redis@0.10.0
439 verbose linkMans redis@0.10.0
440 verbose rebuildBundles redis@0.10.0
441 info install redis@0.10.0
442 info postinstall redis@0.10.0
443 http 200 https://registry.npmjs.org/bindings
444 silly registry.get cb [ 200,
444 silly registry.get   { date: 'Sat, 01 Feb 2014 23:56:15 GMT',
444 silly registry.get     server: 'CouchDB/1.5.0 (Erlang OTP/R16B)',
444 silly registry.get     etag: '"BTQDAND2YFII0C4X8C6L0I5ZN"',
444 silly registry.get     'content-type': 'application/json',
444 silly registry.get     'cache-control': 'max-age=1',
444 silly registry.get     'content-length': '32541',
444 silly registry.get     'accept-ranges': 'bytes',
444 silly registry.get     via: '1.1 varnish',
444 silly registry.get     age: '23861',
444 silly registry.get     'x-served-by': 'cache-v43-ASH',
444 silly registry.get     'x-cache': 'HIT',
444 silly registry.get     'x-cache-hits': '13',
444 silly registry.get     'x-timer': 'S1391298975.302460194,VS0,VE10',
444 silly registry.get     vary: 'Accept',
444 silly registry.get     'keep-alive': 'timeout=10, max=50',
444 silly registry.get     connection: 'Keep-Alive' } ]
445 silly addNameRange number 2 { name: 'bindings', range: '*', hasData: true }
446 silly addNameRange versions [ 'bindings',
446 silly addNameRange   [ '0.0.1',
446 silly addNameRange     '0.1.0',
446 silly addNameRange     '0.1.1',
446 silly addNameRange     '0.2.0',
446 silly addNameRange     '0.2.1',
446 silly addNameRange     '0.2.2',
446 silly addNameRange     '0.2.3',
446 silly addNameRange     '0.2.4',
446 silly addNameRange     '0.3.0',
446 silly addNameRange     '0.4.0',
446 silly addNameRange     '1.0.0',
446 silly addNameRange     '1.1.0',
446 silly addNameRange     '1.1.1' ] ]
447 verbose addNamed [ 'bindings', '1.1.1' ]
448 verbose addNamed [ '1.1.1', '1.1.1' ]
449 silly lockFile 52dd60a7-bindings-1-1-1 bindings@1.1.1
450 verbose lock bindings@1.1.1 C:\Users\tkhaliq\AppData\Roaming\npm-cache\52dd60a7-bindings-1-1-1.lock
451 silly lockFile 4e5e3491--org-bindings-bindings-1-1-1-tgz https://registry.npmjs.org/bindings/-/bindings-1.1.1.tgz
452 verbose lock https://registry.npmjs.org/bindings/-/bindings-1.1.1.tgz C:\Users\tkhaliq\AppData\Roaming\npm-cache\4e5e3491--org-bindings-bindings-1-1-1-tgz.lock
453 verbose addRemoteTarball [ 'https://registry.npmjs.org/bindings/-/bindings-1.1.1.tgz',
453 verbose addRemoteTarball   '951f7ae010302ffc50b265b124032017ed2bf6f3' ]
454 info retry fetch attempt 1 at 18:56:16
455 verbose fetch to= C:\Users\tkhaliq\AppData\Local\Temp\npm-7800-_FkX-VqK\1391298976183-0.35349876526743174\tmp.tgz
456 http GET https://registry.npmjs.org/bindings/-/bindings-1.1.1.tgz
457 http 200 https://registry.npmjs.org/bindings/-/bindings-1.1.1.tgz
458 verbose tar unpack C:\Users\tkhaliq\AppData\Local\Temp\npm-7800-_FkX-VqK\1391298976183-0.35349876526743174\tmp.tgz
459 silly lockFile 2d4dd42b-6183-0-35349876526743174-package tar://C:\Users\tkhaliq\AppData\Local\Temp\npm-7800-_FkX-VqK\1391298976183-0.35349876526743174\package
460 verbose lock tar://C:\Users\tkhaliq\AppData\Local\Temp\npm-7800-_FkX-VqK\1391298976183-0.35349876526743174\package C:\Users\tkhaliq\AppData\Roaming\npm-cache\2d4dd42b-6183-0-35349876526743174-package.lock
461 silly lockFile e78ead63-6183-0-35349876526743174-tmp-tgz tar://C:\Users\tkhaliq\AppData\Local\Temp\npm-7800-_FkX-VqK\1391298976183-0.35349876526743174\tmp.tgz
462 verbose lock tar://C:\Users\tkhaliq\AppData\Local\Temp\npm-7800-_FkX-VqK\1391298976183-0.35349876526743174\tmp.tgz C:\Users\tkhaliq\AppData\Roaming\npm-cache\e78ead63-6183-0-35349876526743174-tmp-tgz.lock
463 silly gunzTarPerm modes [ '755', '644' ]
464 silly gunzTarPerm extractEntry package.json
465 silly gunzTarPerm extractEntry README.md
466 silly gunzTarPerm extractEntry bindings.js
467 silly lockFile 2d4dd42b-6183-0-35349876526743174-package tar://C:\Users\tkhaliq\AppData\Local\Temp\npm-7800-_FkX-VqK\1391298976183-0.35349876526743174\package
468 silly lockFile 2d4dd42b-6183-0-35349876526743174-package tar://C:\Users\tkhaliq\AppData\Local\Temp\npm-7800-_FkX-VqK\1391298976183-0.35349876526743174\package
469 silly lockFile e78ead63-6183-0-35349876526743174-tmp-tgz tar://C:\Users\tkhaliq\AppData\Local\Temp\npm-7800-_FkX-VqK\1391298976183-0.35349876526743174\tmp.tgz
470 silly lockFile e78ead63-6183-0-35349876526743174-tmp-tgz tar://C:\Users\tkhaliq\AppData\Local\Temp\npm-7800-_FkX-VqK\1391298976183-0.35349876526743174\tmp.tgz
471 verbose tar pack [ 'C:\\Users\\tkhaliq\\AppData\\Roaming\\npm-cache\\bindings\\1.1.1\\package.tgz',
471 verbose tar pack   'C:\\Users\\tkhaliq\\AppData\\Local\\Temp\\npm-7800-_FkX-VqK\\1391298976183-0.35349876526743174\\package' ]
472 verbose tarball C:\Users\tkhaliq\AppData\Roaming\npm-cache\bindings\1.1.1\package.tgz
473 verbose folder C:\Users\tkhaliq\AppData\Local\Temp\npm-7800-_FkX-VqK\1391298976183-0.35349876526743174\package
474 silly lockFile 2d4dd42b-6183-0-35349876526743174-package tar://C:\Users\tkhaliq\AppData\Local\Temp\npm-7800-_FkX-VqK\1391298976183-0.35349876526743174\package
475 verbose lock tar://C:\Users\tkhaliq\AppData\Local\Temp\npm-7800-_FkX-VqK\1391298976183-0.35349876526743174\package C:\Users\tkhaliq\AppData\Roaming\npm-cache\2d4dd42b-6183-0-35349876526743174-package.lock
476 silly lockFile a97c6676-cache-bindings-1-1-1-package-tgz tar://C:\Users\tkhaliq\AppData\Roaming\npm-cache\bindings\1.1.1\package.tgz
477 verbose lock tar://C:\Users\tkhaliq\AppData\Roaming\npm-cache\bindings\1.1.1\package.tgz C:\Users\tkhaliq\AppData\Roaming\npm-cache\a97c6676-cache-bindings-1-1-1-package-tgz.lock
478 silly lockFile 2d4dd42b-6183-0-35349876526743174-package tar://C:\Users\tkhaliq\AppData\Local\Temp\npm-7800-_FkX-VqK\1391298976183-0.35349876526743174\package
479 silly lockFile 2d4dd42b-6183-0-35349876526743174-package tar://C:\Users\tkhaliq\AppData\Local\Temp\npm-7800-_FkX-VqK\1391298976183-0.35349876526743174\package
480 silly lockFile a97c6676-cache-bindings-1-1-1-package-tgz tar://C:\Users\tkhaliq\AppData\Roaming\npm-cache\bindings\1.1.1\package.tgz
481 silly lockFile a97c6676-cache-bindings-1-1-1-package-tgz tar://C:\Users\tkhaliq\AppData\Roaming\npm-cache\bindings\1.1.1\package.tgz
482 silly lockFile c604fab6-npm-cache-bindings-1-1-1-package C:\Users\tkhaliq\AppData\Roaming\npm-cache\bindings\1.1.1\package
483 verbose lock C:\Users\tkhaliq\AppData\Roaming\npm-cache\bindings\1.1.1\package C:\Users\tkhaliq\AppData\Roaming\npm-cache\c604fab6-npm-cache-bindings-1-1-1-package.lock
484 silly lockFile c604fab6-npm-cache-bindings-1-1-1-package C:\Users\tkhaliq\AppData\Roaming\npm-cache\bindings\1.1.1\package
485 silly lockFile c604fab6-npm-cache-bindings-1-1-1-package C:\Users\tkhaliq\AppData\Roaming\npm-cache\bindings\1.1.1\package
486 verbose tar unpack C:\Users\tkhaliq\AppData\Roaming\npm-cache\bindings\1.1.1\package.tgz
487 silly lockFile ab103083-npm-cache-bindings-1-1-1-package tar://C:\Users\tkhaliq\AppData\Roaming\npm-cache\bindings\1.1.1\package
488 verbose lock tar://C:\Users\tkhaliq\AppData\Roaming\npm-cache\bindings\1.1.1\package C:\Users\tkhaliq\AppData\Roaming\npm-cache\ab103083-npm-cache-bindings-1-1-1-package.lock
489 silly lockFile a97c6676-cache-bindings-1-1-1-package-tgz tar://C:\Users\tkhaliq\AppData\Roaming\npm-cache\bindings\1.1.1\package.tgz
490 verbose lock tar://C:\Users\tkhaliq\AppData\Roaming\npm-cache\bindings\1.1.1\package.tgz C:\Users\tkhaliq\AppData\Roaming\npm-cache\a97c6676-cache-bindings-1-1-1-package-tgz.lock
491 silly gunzTarPerm modes [ '755', '644' ]
492 silly gunzTarPerm extractEntry package.json
493 silly gunzTarPerm modified mode [ 'package.json', 438, 420 ]
494 silly gunzTarPerm extractEntry README.md
495 silly gunzTarPerm modified mode [ 'README.md', 438, 420 ]
496 silly gunzTarPerm extractEntry bindings.js
497 silly gunzTarPerm modified mode [ 'bindings.js', 438, 420 ]
498 silly lockFile ab103083-npm-cache-bindings-1-1-1-package tar://C:\Users\tkhaliq\AppData\Roaming\npm-cache\bindings\1.1.1\package
499 silly lockFile ab103083-npm-cache-bindings-1-1-1-package tar://C:\Users\tkhaliq\AppData\Roaming\npm-cache\bindings\1.1.1\package
500 silly lockFile a97c6676-cache-bindings-1-1-1-package-tgz tar://C:\Users\tkhaliq\AppData\Roaming\npm-cache\bindings\1.1.1\package.tgz
501 silly lockFile a97c6676-cache-bindings-1-1-1-package-tgz tar://C:\Users\tkhaliq\AppData\Roaming\npm-cache\bindings\1.1.1\package.tgz
502 verbose chmod C:\Users\tkhaliq\AppData\Roaming\npm-cache\bindings\1.1.1\package.tgz 644
503 silly chown skipping for windows C:\Users\tkhaliq\AppData\Roaming\npm-cache\bindings\1.1.1\package.tgz
504 silly lockFile 4e5e3491--org-bindings-bindings-1-1-1-tgz https://registry.npmjs.org/bindings/-/bindings-1.1.1.tgz
505 silly lockFile 4e5e3491--org-bindings-bindings-1-1-1-tgz https://registry.npmjs.org/bindings/-/bindings-1.1.1.tgz
506 silly lockFile 52dd60a7-bindings-1-1-1 bindings@1.1.1
507 silly lockFile 52dd60a7-bindings-1-1-1 bindings@1.1.1
508 silly lockFile a3858fc2-bindings bindings@*
509 silly lockFile a3858fc2-bindings bindings@*
510 silly resolved [ { name: 'bindings',
510 silly resolved     description: 'Helper module for loading your native module\'s .node file',
510 silly resolved     keywords: [ 'native', 'addon', 'bindings', 'gyp', 'waf', 'c', 'c++' ],
510 silly resolved     version: '1.1.1',
510 silly resolved     author:
510 silly resolved      { name: 'Nathan Rajlich',
510 silly resolved        email: 'nathan@tootallnate.net',
510 silly resolved        url: 'http://tootallnate.net' },
510 silly resolved     repository:
510 silly resolved      { type: 'git',
510 silly resolved        url: 'git://github.com/TooTallNate/node-bindings.git' },
510 silly resolved     main: './bindings.js',
510 silly resolved     readme: 'node-bindings\n=============\n### Helper module for loading your native module\'s .node file\n\nThis is a helper module for authors of Node.js native addon modules.\nIt is basically the "swiss army knife" of `require()`ing your native module\'s\n`.node` file.\n\nThroughout the course of Node\'s native addon history, addons have ended up being\ncompiled in a variety of different places, depending on which build tool and which\nversion of node was used. To make matters worse, now the _gyp_ build tool can\nproduce either a _Release_ or _Debug_ build, each being built into different\nlocations.\n\nThis module checks _all_ the possible locations that a native addon would be built\nat, and returns the first one that loads successfully.\n\n\nInstallation\n------------\n\nInstall with `npm`:\n\n``` bash\n$ npm install bindings\n```\n\nOr add it to the `"dependencies"` section of your _package.json_ file.\n\n\nExample\n-------\n\n`require()`ing the proper bindings file for the current node version, platform\nand architecture is as simple as:\n\n``` js\nvar bindings = require(\'bindings\')(\'binding.node\')\n\n// Use your bindings defined in your C files\nbindings.your_c_function()\n```\n\n\nNice Error Output\n-----------------\n\nWhen the `.node` file could not be loaded, `node-bindings` throws an Error with\na nice error message telling you exactly what was tried. You can also check the\n`err.tries` Array property.\n\n```\nError: Could not load the bindings file. Tried:\n → /Users/nrajlich/ref/build/binding.node\n → /Users/nrajlich/ref/build/Debug/binding.node\n → /Users/nrajlich/ref/build/Release/binding.node\n → /Users/nrajlich/ref/out/Debug/binding.node\n → /Users/nrajlich/ref/Debug/binding.node\n → /Users/nrajlich/ref/out/Release/binding.node\n → /Users/nrajlich/ref/Release/binding.node\n → /Users/nrajlich/ref/build/default/binding.node\n → /Users/nrajlich/ref/compiled/0.8.2/darwin/x64/binding.node\n    at bindings (/Users/nrajlich/ref/node_modules/bindings/bindings.js:84:13)\n    at Object.<anonymous> (/Users/nrajlich/ref/lib/ref.js:5:47)\n    at Module._compile (module.js:449:26)\n    at Object.Module._extensions..js (module.js:467:10)\n    at Module.load (module.js:356:32)\n    at Function.Module._load (module.js:312:12)\n    ...\n```\n\n\nLicense\n-------\n\n(The MIT License)\n\nCopyright (c) 2012 Nathan Rajlich &lt;nathan@tootallnate.net&gt;\n\nPermission is hereby granted, free of charge, to any person obtaining\na copy of this software and associated documentation files (the\n\'Software\'), to deal in the Software without restriction, including\nwithout limitation the rights to use, copy, modify, merge, publish,\ndistribute, sublicense, and/or sell copies of the Software, and to\npermit persons to whom the Software is furnished to do so, subject to\nthe following conditions:\n\nThe above copyright notice and this permission notice shall be\nincluded in all copies or substantial portions of the Software.\n\nTHE SOFTWARE IS PROVIDED \'AS IS\', WITHOUT WARRANTY OF ANY KIND,\nEXPRESS OR IMPLIED, INCLUDING BUT NOT LIMITED TO THE WARRANTIES OF\nMERCHANTABILITY, FITNESS FOR A PARTICULAR PURPOSE AND NONINFRINGEMENT.\nIN NO EVENT SHALL THE AUTHORS OR COPYRIGHT HOLDERS BE LIABLE FOR ANY\nCLAIM, DAMAGES OR OTHER LIABILITY, WHETHER IN AN ACTION OF CONTRACT,\nTORT OR OTHERWISE, ARISING FROM, OUT OF OR IN CONNECTION WITH THE\nSOFTWARE OR THE USE OR OTHER DEALINGS IN THE SOFTWARE.\n',
510 silly resolved     readmeFilename: 'README.md',
510 silly resolved     bugs: { url: 'https://github.com/TooTallNate/node-bindings/issues' },
510 silly resolved     homepage: 'https://github.com/TooTallNate/node-bindings',
510 silly resolved     _id: 'bindings@1.1.1',
510 silly resolved     dist: { shasum: '80796e0bc06e3540b4dc298cc42c199654cca0f3' },
510 silly resolved     _from: 'bindings@*',
510 silly resolved     _resolved: 'https://registry.npmjs.org/bindings/-/bindings-1.1.1.tgz' } ]
511 info install bindings@1.1.1 into C:\projects\box-heroku\node_modules\hiredis
512 info installOne bindings@1.1.1
513 info C:\projects\box-heroku\node_modules\hiredis\node_modules\bindings unbuild
514 verbose tar unpack C:\Users\tkhaliq\AppData\Roaming\npm-cache\bindings\1.1.1\package.tgz
515 silly lockFile 4f117ce4-es-hiredis-node-modules-bindings tar://C:\projects\box-heroku\node_modules\hiredis\node_modules\bindings
516 verbose lock tar://C:\projects\box-heroku\node_modules\hiredis\node_modules\bindings C:\Users\tkhaliq\AppData\Roaming\npm-cache\4f117ce4-es-hiredis-node-modules-bindings.lock
517 silly lockFile a97c6676-cache-bindings-1-1-1-package-tgz tar://C:\Users\tkhaliq\AppData\Roaming\npm-cache\bindings\1.1.1\package.tgz
518 verbose lock tar://C:\Users\tkhaliq\AppData\Roaming\npm-cache\bindings\1.1.1\package.tgz C:\Users\tkhaliq\AppData\Roaming\npm-cache\a97c6676-cache-bindings-1-1-1-package-tgz.lock
519 silly gunzTarPerm modes [ '755', '644' ]
520 silly gunzTarPerm extractEntry package.json
521 silly gunzTarPerm modified mode [ 'package.json', 438, 420 ]
522 silly gunzTarPerm extractEntry README.md
523 silly gunzTarPerm modified mode [ 'README.md', 438, 420 ]
524 silly gunzTarPerm extractEntry bindings.js
525 silly gunzTarPerm modified mode [ 'bindings.js', 438, 420 ]
526 silly lockFile 4f117ce4-es-hiredis-node-modules-bindings tar://C:\projects\box-heroku\node_modules\hiredis\node_modules\bindings
527 silly lockFile 4f117ce4-es-hiredis-node-modules-bindings tar://C:\projects\box-heroku\node_modules\hiredis\node_modules\bindings
528 silly lockFile a97c6676-cache-bindings-1-1-1-package-tgz tar://C:\Users\tkhaliq\AppData\Roaming\npm-cache\bindings\1.1.1\package.tgz
529 silly lockFile a97c6676-cache-bindings-1-1-1-package-tgz tar://C:\Users\tkhaliq\AppData\Roaming\npm-cache\bindings\1.1.1\package.tgz
530 info preinstall bindings@1.1.1
531 verbose readDependencies using package.json deps
532 verbose readDependencies using package.json deps
533 silly resolved []
534 verbose about to build C:\projects\box-heroku\node_modules\hiredis\node_modules\bindings
535 info build C:\projects\box-heroku\node_modules\hiredis\node_modules\bindings
536 verbose linkStuff [ false,
536 verbose linkStuff   false,
536 verbose linkStuff   false,
536 verbose linkStuff   'C:\\projects\\box-heroku\\node_modules\\hiredis\\node_modules' ]
537 info linkStuff bindings@1.1.1
538 verbose linkBins bindings@1.1.1
539 verbose linkMans bindings@1.1.1
540 verbose rebuildBundles bindings@1.1.1
541 info install bindings@1.1.1
542 info postinstall bindings@1.1.1
543 verbose about to build C:\projects\box-heroku\node_modules\hiredis
544 info build C:\projects\box-heroku\node_modules\hiredis
545 verbose linkStuff [ false, false, false, 'C:\\projects\\box-heroku\\node_modules' ]
546 info linkStuff hiredis@0.1.16
547 verbose linkBins hiredis@0.1.16
548 verbose linkMans hiredis@0.1.16
549 verbose rebuildBundles hiredis@0.1.16
550 verbose rebuildBundles [ 'bindings' ]
551 info install hiredis@0.1.16
552 verbose unsafe-perm in lifecycle true
553 info hiredis@0.1.16 Failed to exec install script
554 info C:\projects\box-heroku\node_modules\hiredis unbuild
555 info preuninstall hiredis@0.1.16
556 info uninstall hiredis@0.1.16
557 verbose true,C:\projects\box-heroku\node_modules,C:\projects\box-heroku\node_modules unbuild hiredis@0.1.16
558 info postuninstall hiredis@0.1.16
559 error hiredis@0.1.16 install: `node-gyp rebuild`
559 error Exit status 1
560 error Failed at the hiredis@0.1.16 install script.
560 error This is most likely a problem with the hiredis package,
560 error not with npm itself.
560 error Tell the author that this fails on your system:
560 error     node-gyp rebuild
560 error You can get their info via:
560 error     npm owner ls hiredis
560 error There is likely additional logging output above.
561 error System Windows_NT 6.1.7601
562 error command "C:\\Program Files\\nodejs\\\\node.exe" "C:\\Program Files\\nodejs\\node_modules\\npm\\bin\\npm-cli.js" "install" "hiredis" "redis"
563 error cwd C:\projects\box-heroku
564 error node -v v0.10.24
565 error npm -v 1.3.21
566 error code ELIFECYCLE
567 verbose exit [ 1, true ]
